<?xml version="1.0" encoding="UTF-8"?>
<!-- Generated by org.testng.reporters.JUnitReportReporter -->
<testsuite hostname="Chetan-1404" failures="0" tests="1" name="TCcode.FTc" time="1029.082" errors="0" timestamp="2023-03-12T21:03:48 IST" skipped="0">
  <testcase classname="TCcode.FTc" name="runTR" time="1029.082"/>
  <system-out/>
</testsuite> <!-- TCcode.FTc -->
