<?xml version="1.0" encoding="UTF-8"?>
<!-- Generated by org.testng.reporters.JUnitReportReporter -->
<testsuite hostname="Chetan-1404" failures="0" tests="1" name="TRInput" time="809.992" errors="0" timestamp="2023-03-11T17:32:36 IST" skipped="0">
  <testcase classname="TRInput" name="runTR" time="809.992"/>
  <system-out/>
</testsuite> <!-- TRInput -->
